<?xml version="1.0" encoding="UTF-8"?>
<!-- Generated by org.testng.reporters.JUnitXMLReporter -->
<testsuite ignored="0" hostname="Waqas" failures="0" tests="3" name="Default test" time="5.76" errors="0" timestamp="2024-03-21T22:27:38 EDT">
  <testcase classname="testing_Code_Mar21.Web_Driver_Wait" name="openBrowser" time="1.723"/>
  <testcase classname="testing_Code_Mar21.Web_Driver_Wait" name="signIn" time="1.782"/>
  <testcase classname="testing_Code_Mar21.Web_Driver_Wait" name="login" time="0.28"/>
</testsuite> <!-- Default test -->
