<?xml version="1.0" encoding="UTF-8"?>
<!-- Generated by org.testng.reporters.JUnitXMLReporter -->
<testsuite ignored="0" hostname="Waqas" failures="0" tests="8" name="Test" time="24.209" errors="0" timestamp="2024-03-30T17:16:11 EDT">
  <testcase classname="testing_Code_Mar30.Facebook_Parameters" name="launchUrl" time="3.142"/>
  <testcase classname="testing_Code_Mar30.Facebook_Parameters" name="createAccountLink" time="0.165"/>
  <testcase classname="testing_Code_Mar30.Facebook_Parameters" name="createAccount" time="2.263"/>
  <testcase classname="testing_Code_Mar30.OrangeHRM_Parameters" name="launchUrl" time="4.009"/>
  <testcase classname="testing_Code_Mar30.OrangeHRM_Parameters" name="subscribe" time="2.208"/>
  <testcase classname="testing_Code_Mar30.Rediff_Parameters" name="launchUrl" time="6.289"/>
  <testcase classname="testing_Code_Mar30.Rediff_Parameters" name="signInPage" time="1.911"/>
  <testcase classname="testing_Code_Mar30.Rediff_Parameters" name="login" time="2.424"/>
</testsuite> <!-- Test -->
