<?xml version="1.0" encoding="UTF-8"?>
<!-- Generated by org.testng.reporters.JUnitXMLReporter -->
<testsuite ignored="0" hostname="Waqas" failures="0" tests="3" name="Test" time="12.629" errors="0" timestamp="2024-03-22T22:01:08 EDT">
  <testcase classname="testing_Code_Mar22.Parameterization" name="launchUrl" time="1.916"/>
  <testcase classname="testing_Code_Mar22.Parameterization" name="clickOnSignIn" time="1.914"/>
  <testcase classname="testing_Code_Mar22.Parameterization" name="logIn" time="2.295"/>
</testsuite> <!-- Test -->
