<?xml version="1.0" encoding="UTF-8"?>
<testng-results ignored="0" total="1" passed="1" failed="0" skipped="0">
  <reporter-output>
  </reporter-output>
  <suite started-at="2024-03-21T15:32:18 EDT" name="Default suite" finished-at="2024-03-21T15:32:26 EDT" duration-ms="7773">
    <groups>
    </groups>
    <test started-at="2024-03-21T15:32:18 EDT" name="Default test" finished-at="2024-03-21T15:32:26 EDT" duration-ms="7773">
      <class name="testing_Code_Mar21.Explicit_Wait">
        <test-method is-config="true" signature="openUrl()[pri:0, instance:testing_Code_Mar21.Explicit_Wait@5d534f5d]" started-at="2024-03-21T15:32:18 EDT" name="openUrl" finished-at="2024-03-21T15:32:23 EDT" duration-ms="4955" status="PASS">
          <reporter-output>
          </reporter-output>
        </test-method> <!-- openUrl -->
        <test-method signature="signIn()[pri:0, instance:testing_Code_Mar21.Explicit_Wait@5d534f5d]" started-at="2024-03-21T15:32:23 EDT" name="signIn" finished-at="2024-03-21T15:32:26 EDT" duration-ms="2488" status="PASS">
          <reporter-output>
          </reporter-output>
        </test-method> <!-- signIn -->
        <test-method is-config="true" signature="closeUrl()[pri:0, instance:testing_Code_Mar21.Explicit_Wait@5d534f5d]" started-at="2024-03-21T15:32:26 EDT" name="closeUrl" finished-at="2024-03-21T15:32:26 EDT" duration-ms="300" status="PASS">
          <reporter-output>
          </reporter-output>
        </test-method> <!-- closeUrl -->
      </class> <!-- testing_Code_Mar21.Explicit_Wait -->
    </test> <!-- Default test -->
  </suite> <!-- Default suite -->
</testng-results>
